<?xml version="1.0" encoding="UTF-8"?>
<!-- Generated by org.testng.reporters.JUnitXMLReporter -->
<testsuite ignored="0" hostname="Minaals-MacBook-Air.local" failures="0" tests="5" name="Default test" time="101.08" errors="0" timestamp="2025-10-13T02:15:48 IST">
  <testcase classname="tests.TestClass5" name="PurchaseWorkflow" time="36.452"/>
  <testcase classname="tests.TestClass3" name="PageMetadataValidation" time="1.638"/>
  <testcase classname="tests.TestClass4" name="LoginAndLogoutCheck" time="11.543"/>
  <testcase classname="tests.TestClass1" name="testClass1_UIElementsPresentAndClickable" time="1.984"/>
  <testcase classname="tests.TestClass2" name="PageContentValidation" time="1.048"/>
</testsuite> <!-- Default test -->
